# JRE version: Java(TM) SE Runtime Environment (17.0.12+8) (build 17.0.12+8-LTS-286)
# Java VM: Java HotSpot(TM) 64-Bit Server VM (17.0.12+8-LTS-286, mixed mode, sharing, tiered, compressed oops, compressed class ptrs, g1 gc, windows-amd64)
GC Precious Log:
 CPUs: 4 total, 4 available
 Memory: 8073M
 Large Page Support: Disabled
 NUMA Support: Disabled
 Compressed Oops: Enabled (32-bit)
 Heap Region Size: 1M
 Heap Min Capacity: 8M
 Heap Initial Capacity: 128M
 Heap Max Capacity: 2G
 Pre-touch: Disabled
 Parallel Workers: 4
 Concurrent Workers: 1
 Concurrent Refinement Workers: 4
 Periodic GC: Disabled
Heap:
 garbage-first heap   total 267264K, used 174064K [0x0000000080000000, 0x0000000100000000)
  region size 1024K, 6 young (6144K), 6 survivors (6144K)
 Metaspace       used 72224K, committed 72960K, reserved 1114112K
  class space    used 10030K, committed 10368K, reserved 1048576K
GC Heap History (20 events):
Event: 16.346 GC heap after
{Heap after GC invocations=37 (full 0):
 garbage-first heap   total 209920K, used 78432K [0x0000000080000000, 0x0000000100000000)
  region size 1024K, 14 young (14336K), 14 survivors (14336K)
 Metaspace       used 62198K, committed 62848K, reserved 1114112K
  class space    used 8858K, committed 9152K, reserved 1048576K
}
Event: 18.959 GC heap before
{Heap before GC invocations=37 (full 0):
 garbage-first heap   total 209920K, used 171616K [0x0000000080000000, 0x0000000100000000)
  region size 1024K, 100 young (102400K), 14 survivors (14336K)
 Metaspace       used 69472K, committed 70208K, reserved 1114112K
  class space    used 9743K, committed 10048K, reserved 1048576K
}
Event: 18.985 GC heap after
{Heap after GC invocations=38 (full 0):
 garbage-first heap   total 209920K, used 103688K [0x0000000080000000, 0x0000000100000000)
  region size 1024K, 13 young (13312K), 13 survivors (13312K)
 Metaspace       used 69472K, committed 70208K, reserved 1114112K
  class space    used 9743K, committed 10048K, reserved 1048576K
}
Event: 19.652 GC heap before
{Heap before GC invocations=38 (full 0):
 garbage-first heap   total 209920K, used 161032K [0x0000000080000000, 0x0000000100000000)
  region size 1024K, 67 young (68608K), 13 survivors (13312K)
 Metaspace       used 70180K, committed 70912K, reserved 1114112K
  class space    used 9806K, committed 10112K, reserved 1048576K
}
Event: 19.668 GC heap after
{Heap after GC invocations=39 (full 0):
 garbage-first heap   total 209920K, used 119904K [0x0000000080000000, 0x0000000100000000)
  region size 1024K, 9 young (9216K), 9 survivors (9216K)
 Metaspace       used 70180K, committed 70912K, reserved 1114112K
  class space    used 9806K, committed 10112K, reserved 1048576K
}
Event: 20.009 GC heap before
{Heap before GC invocations=39 (full 0):
 garbage-first heap   total 209920K, used 159840K [0x0000000080000000, 0x0000000100000000)
  region size 1024K, 48 young (49152K), 9 survivors (9216K)
 Metaspace       used 70370K, committed 71104K, reserved 1114112K
  class space    used 9820K, committed 10112K, reserved 1048576K
}
Event: 20.027 GC heap after
{Heap after GC invocations=40 (full 0):
 garbage-first heap   total 209920K, used 129120K [0x0000000080000000, 0x0000000100000000)
  region size 1024K, 6 young (6144K), 6 survivors (6144K)
 Metaspace       used 70370K, committed 71104K, reserved 1114112K
  class space    used 9820K, committed 10112K, reserved 1048576K
}
Event: 20.478 GC heap before
{Heap before GC invocations=41 (full 0):
 garbage-first heap   total 219136K, used 159840K [0x0000000080000000, 0x0000000100000000)
  region size 1024K, 39 young (39936K), 6 survivors (6144K)
 Metaspace       used 72173K, committed 72896K, reserved 1114112K
  class space    used 10025K, committed 10368K, reserved 1048576K
}
Event: 20.490 GC heap after
{Heap after GC invocations=42 (full 0):
 garbage-first heap   total 219136K, used 133728K [0x0000000080000000, 0x0000000100000000)
  region size 1024K, 5 young (5120K), 5 survivors (5120K)
 Metaspace       used 72173K, committed 72896K, reserved 1114112K
  class space    used 10025K, committed 10368K, reserved 1048576K
}
Event: 20.500 GC heap before
{Heap before GC invocations=42 (full 0):
 garbage-first heap   total 219136K, used 138848K [0x0000000080000000, 0x0000000100000000)
  region size 1024K, 10 young (10240K), 5 survivors (5120K)
 Metaspace       used 72173K, committed 72896K, reserved 1114112K
  class space    used 10025K, committed 10368K, reserved 1048576K
}
Event: 20.510 GC heap after
{Heap after GC invocations=43 (full 0):
 garbage-first heap   total 267264K, used 135641K [0x0000000080000000, 0x0000000100000000)
  region size 1024K, 2 young (2048K), 2 survivors (2048K)
 Metaspace       used 72173K, committed 72896K, reserved 1114112K
  class space    used 10025K, committed 10368K, reserved 1048576K
}
Event: 20.523 GC heap before
{Heap before GC invocations=43 (full 0):
 garbage-first heap   total 267264K, used 139737K [0x0000000080000000, 0x0000000100000000)
  region size 1024K, 7 young (7168K), 2 survivors (2048K)
 Metaspace       used 72173K, committed 72896K, reserved 1114112K
  class space    used 10025K, committed 10368K, reserved 1048576K
}
Event: 20.526 GC heap after
{Heap after GC invocations=44 (full 0):
 garbage-first heap   total 267264K, used 137228K [0x0000000080000000, 0x0000000100000000)
  region size 1024K, 4 young (4096K), 4 survivors (4096K)
 Metaspace       used 72173K, committed 72896K, reserved 1114112K
  class space    used 10025K, committed 10368K, reserved 1048576K
}
Event: 20.723 GC heap before
{Heap before GC invocations=44 (full 0):
 garbage-first heap   total 267264K, used 199692K [0x0000000080000000, 0x0000000100000000)
  region size 1024K, 61 young (62464K), 4 survivors (4096K)
 Metaspace       used 72224K, committed 72960K, reserved 1114112K
  class space    used 10030K, committed 10368K, reserved 1048576K
}
Event: 20.737 GC heap after
{Heap after GC invocations=45 (full 0):
 garbage-first heap   total 267264K, used 155130K [0x0000000080000000, 0x0000000100000000)
  region size 1024K, 8 young (8192K), 8 survivors (8192K)
 Metaspace       used 72224K, committed 72960K, reserved 1114112K
  class space    used 10030K, committed 10368K, reserved 1048576K
}
Event: 20.844 GC heap before
{Heap before GC invocations=46 (full 0):
 garbage-first heap   total 267264K, used 204282K [0x0000000080000000, 0x0000000100000000)
  region size 1024K, 56 young (57344K), 8 survivors (8192K)
 Metaspace       used 72224K, committed 72960K, reserved 1114112K
  class space    used 10030K, committed 10368K, reserved 1048576K
}
Event: 20.856 GC heap after
{Heap after GC invocations=47 (full 0):
 garbage-first heap   total 267264K, used 164448K [0x0000000080000000, 0x0000000100000000)
  region size 1024K, 7 young (7168K), 7 survivors (7168K)
 Metaspace       used 72224K, committed 72960K, reserved 1114112K
  class space    used 10030K, committed 10368K, reserved 1048576K
}
Event: 20.864 GC heap before
{Heap before GC invocations=47 (full 0):
 garbage-first heap   total 267264K, used 170592K [0x0000000080000000, 0x0000000100000000)
  region size 1024K, 13 young (13312K), 7 survivors (7168K)
 Metaspace       used 72224K, committed 72960K, reserved 1114112K
  class space    used 10030K, committed 10368K, reserved 1048576K
}
Event: 20.870 GC heap after
{Heap after GC invocations=48 (full 0):
 garbage-first heap   total 267264K, used 165256K [0x0000000080000000, 0x0000000100000000)
  region size 1024K, 2 young (2048K), 2 survivors (2048K)
 Metaspace       used 72224K, committed 72960K, reserved 1114112K
  class space    used 10030K, committed 10368K, reserved 1048576K
}
Event: 20.929 GC heap before
{Heap before GC invocations=48 (full 0):
 garbage-first heap   total 267264K, used 209288K [0x0000000080000000, 0x0000000100000000)
  region size 1024K, 45 young (46080K), 2 survivors (2048K)
 Metaspace       used 72224K, committed 72960K, reserved 1114112K
  class space    used 10030K, committed 10368K, reserved 1048576K
}

